<?xml version="1.0" encoding="UTF-8"?>
<!-- Generated by org.testng.reporters.JUnitReportReporter -->
<testsuite hostname="INLEN8520040047" failures="0" tests="3" name="Day16.ThirdTestCase" time="0.002" errors="0" timestamp="2023-11-20T14:32:22 IST" skipped="0">
  <testcase classname="Day16.ThirdTestCase" name="OpenApp" time="0.001"/>
  <system-out/>
  <testcase classname="Day16.ThirdTestCase" name="login" time="0.000"/>
  <system-out/>
  <testcase classname="Day16.ThirdTestCase" name="closeApp" time="0.001"/>
  <system-out/>
</testsuite> <!-- Day16.ThirdTestCase -->
