<?xml version="1.0" encoding="UTF-8"?>
<!-- Generated by org.testng.reporters.JUnitReportReporter -->
<testsuite hostname="INLEN8520040047" failures="0" tests="2" name="Day16.AllAnnotations" time="0.011" errors="0" timestamp="2023-11-20T17:13:22 IST" skipped="0">
  <testcase classname="Day16.AllAnnotations" name="tm1" time="0.008"/>
  <system-out/>
  <testcase classname="Day16.AllAnnotations" name="tm2" time="0.003"/>
  <system-out/>
</testsuite> <!-- Day16.AllAnnotations -->
