<?xml version="1.0" encoding="UTF-8"?>
<!-- Generated by org.testng.reporters.JUnitReportReporter -->
<testsuite hostname="INLEN8520040047" failures="0" tests="3" name="Day16.SecondTest" time="7.838" errors="0" timestamp="2023-11-20T14:32:22 IST" skipped="0">
  <testcase classname="Day16.SecondTest" name="openApp" time="6.941"/>
  <system-out/>
  <testcase classname="Day16.SecondTest" name="login" time="0.729"/>
  <system-out/>
  <testcase classname="Day16.SecondTest" name="closeApp" time="0.168"/>
  <system-out/>
</testsuite> <!-- Day16.SecondTest -->
