<?xml version="1.0" encoding="UTF-8"?>
<!-- Generated by org.testng.reporters.JUnitReportReporter -->
<testsuite hostname="INLEN8520040047" failures="0" tests="3" name="Day18.TestngListenersDemo" time="0.028" errors="0" timestamp="2023-11-21T16:57:49 IST" skipped="0">
  <testcase classname="Day18.TestngListenersDemo" name="test2" time="0.001"/>
  <system-out/>
  <testcase classname="Day18.TestngListenersDemo" name="test3" time="0.001"/>
  <system-out/>
  <testcase classname="Day18.TestngListenersDemo" name="test1" time="0.026"/>
  <system-out/>
</testsuite> <!-- Day18.TestngListenersDemo -->
