<?xml version="1.0" encoding="UTF-8"?>
<!-- Generated by org.testng.reporters.JUnitReportReporter -->
<testsuite hostname="INLEN8520040047" failures="0" tests="3" name="Day16.FirstTest" time="0.030" errors="0" timestamp="2023-11-20T12:44:42 IST" skipped="0">
  <testcase classname="Day16.FirstTest" name="test1" time="0.028"/>
  <system-out/>
  <testcase classname="Day16.FirstTest" name="test2" time="0.001"/>
  <system-out/>
  <testcase classname="Day16.FirstTest" name="test3" time="0.001"/>
  <system-out/>
</testsuite> <!-- Day16.FirstTest -->
