<?xml version="1.0" encoding="UTF-8"?>
<!-- Generated by org.testng.reporters.JUnitReportReporter -->
<testsuite hostname="INLEN8520040047" failures="0" tests="2" name="Day17.Grouping" time="0.022" errors="0" timestamp="2023-11-21T12:36:52 IST" skipped="0">
  <testcase classname="Day17.Grouping" name="signupbyfacebook" time="0.021"/>
  <system-out/>
  <testcase classname="Day17.Grouping" name="paymentreturnbybank" time="0.001"/>
  <system-out/>
</testsuite> <!-- Day17.Grouping -->
